[ 2018-12-22T09:57:33+08:00 ] ::1 /index.php/admin/
INFO: [ app_init ] --START--
INFO: Run Behavior\BuildLiteBehavior [ RunTime:0.000000s ]
INFO: [ app_init ] --END-- [ RunTime:0.001000s ]
INFO: [ app_begin ] --START--
INFO: Run Behavior\ReadHtmlCacheBehavior [ RunTime:0.000000s ]
INFO: [ app_begin ] --END-- [ RunTime:0.000000s ]

[ 2018-12-22T09:57:33+08:00 ] ::1 /index.php/Admin/User/login.html
INFO: [ app_init ] --START--
INFO: Run Behavior\BuildLiteBehavior [ RunTime:0.000000s ]
INFO: [ app_init ] --END-- [ RunTime:0.001000s ]
INFO: [ app_begin ] --START--
INFO: Run Behavior\ReadHtmlCacheBehavior [ RunTime:0.001000s ]
INFO: [ app_begin ] --END-- [ RunTime:0.001000s ]
SQL: SHOW COLUMNS FROM `ot_set` [ RunTime:0.0050s ]
SQL: SELECT * FROM `ot_set` WHERE `id` = 1 LIMIT 1   [ RunTime:0.0000s ]
INFO: [ view_parse ] --START--
INFO: Run Behavior\ParseTemplateBehavior [ RunTime:0.008000s ]
INFO: [ view_parse ] --END-- [ RunTime:0.008000s ]
INFO: [ view_filter ] --START--
INFO: Run Behavior\WriteHtmlCacheBehavior [ RunTime:0.001000s ]
INFO: [ view_filter ] --END-- [ RunTime:0.001000s ]
INFO: [ app_end ] --START--
INFO: Run Behavior\ShowPageTraceBehavior [ RunTime:0.000000s ]
INFO: [ app_end ] --END-- [ RunTime:0.000000s ]

[ 2018-12-22T09:57:39+08:00 ] ::1 /index.php/Admin/User/login.html
INFO: [ app_init ] --START--
INFO: Run Behavior\BuildLiteBehavior [ RunTime:0.000000s ]
INFO: [ app_init ] --END-- [ RunTime:0.000000s ]
INFO: [ app_begin ] --START--
INFO: Run Behavior\ReadHtmlCacheBehavior [ RunTime:0.001000s ]
INFO: [ app_begin ] --END-- [ RunTime:0.001000s ]
SQL: SELECT * FROM `ot_admin_user` WHERE `user_name` = 'admin' LIMIT 1   [ RunTime:0.0030s ]
SQL: UPDATE `ot_admin_user` SET `user_name`='admin',`user_pwd`='4fd4374c251474eaa89487f126fa309e',`user_group`='1',`error_num`='0' WHERE `id` = '1' [ RunTime:0.0010s ]
SQL: SHOW COLUMNS FROM `ot_admin_group` [ RunTime:0.0090s ]
SQL: SELECT * FROM `ot_admin_group` WHERE `id` = 1 LIMIT 1   [ RunTime:0.0010s ]

[ 2018-12-22T09:57:39+08:00 ] ::1 /index.php/Admin/Index/index.html
INFO: [ app_init ] --START--
INFO: Run Behavior\BuildLiteBehavior [ RunTime:0.000000s ]
INFO: [ app_init ] --END-- [ RunTime:0.000000s ]
INFO: [ app_begin ] --START--
INFO: Run Behavior\ReadHtmlCacheBehavior [ RunTime:0.000000s ]
INFO: [ app_begin ] --END-- [ RunTime:0.000000s ]
SQL: SHOW COLUMNS FROM `ot_admin_group` [ RunTime:0.0050s ]
SQL: SELECT * FROM `ot_admin_group` WHERE `id` = 1 LIMIT 1   [ RunTime:0.0010s ]
SQL: SHOW COLUMNS FROM `ot_url` [ RunTime:0.0080s ]
SQL: SELECT * FROM `ot_url` WHERE `id` IN ('1','2','3','4','5','6','7','8','9','10','11','12','13','14','15','16','17','18','19','20','21','22','23','24','25','26','27','28','29','30','31','32','33','34','35','36','37','38','39','40','41','42','43','44','45','46','47','48','49','50','51','52','53','54','55','56','57','58','59','60','61','62','63','64','65','66','67','68')  [ RunTime:0.0010s ]
SQL: SELECT * FROM `ot_url` WHERE `id` IN ('1','2','3','4','5','6','7','8','9','10','11','12','13','14','15','16','17','18','19','20','21','22','23','24','25','26','27','28','29','30','31','32','33','34','35','36','37','38','39','40','41','42','43','44','45','46','47','48','49','50','51','52','53','54','55','56','57','58','59','60','61','62','63','64','65','66','67','68') AND `pid` = 1  [ RunTime:0.0010s ]
SQL: SELECT * FROM `ot_url` WHERE `id` IN ('1','2','3','4','5','6','7','8','9','10','11','12','13','14','15','16','17','18','19','20','21','22','23','24','25','26','27','28','29','30','31','32','33','34','35','36','37','38','39','40','41','42','43','44','45','46','47','48','49','50','51','52','53','54','55','56','57','58','59','60','61','62','63','64','65','66','67','68') AND `pid` = 22  [ RunTime:0.0010s ]
SQL: SELECT * FROM `ot_url` WHERE `id` IN ('1','2','3','4','5','6','7','8','9','10','11','12','13','14','15','16','17','18','19','20','21','22','23','24','25','26','27','28','29','30','31','32','33','34','35','36','37','38','39','40','41','42','43','44','45','46','47','48','49','50','51','52','53','54','55','56','57','58','59','60','61','62','63','64','65','66','67','68') AND `pid` = 23  [ RunTime:0.0000s ]
SQL: SELECT * FROM `ot_url` WHERE `id` IN ('1','2','3','4','5','6','7','8','9','10','11','12','13','14','15','16','17','18','19','20','21','22','23','24','25','26','27','28','29','30','31','32','33','34','35','36','37','38','39','40','41','42','43','44','45','46','47','48','49','50','51','52','53','54','55','56','57','58','59','60','61','62','63','64','65','66','67','68') AND `pid` = 34  [ RunTime:0.0010s ]
SQL: SELECT * FROM `ot_url` WHERE `id` IN ('1','2','3','4','5','6','7','8','9','10','11','12','13','14','15','16','17','18','19','20','21','22','23','24','25','26','27','28','29','30','31','32','33','34','35','36','37','38','39','40','41','42','43','44','45','46','47','48','49','50','51','52','53','54','55','56','57','58','59','60','61','62','63','64','65','66','67','68') AND `pid` = 35  [ RunTime:0.0000s ]
SQL: SELECT * FROM `ot_url` WHERE `id` IN ('1','2','3','4','5','6','7','8','9','10','11','12','13','14','15','16','17','18','19','20','21','22','23','24','25','26','27','28','29','30','31','32','33','34','35','36','37','38','39','40','41','42','43','44','45','46','47','48','49','50','51','52','53','54','55','56','57','58','59','60','61','62','63','64','65','66','67','68') AND `pid` = 36  [ RunTime:0.0010s ]
SQL: SELECT * FROM `ot_url` WHERE `id` IN ('1','2','3','4','5','6','7','8','9','10','11','12','13','14','15','16','17','18','19','20','21','22','23','24','25','26','27','28','29','30','31','32','33','34','35','36','37','38','39','40','41','42','43','44','45','46','47','48','49','50','51','52','53','54','55','56','57','58','59','60','61','62','63','64','65','66','67','68') AND `pid` = 4  [ RunTime:0.0000s ]
SQL: SHOW COLUMNS FROM `ot_admin_user` [ RunTime:0.0050s ]
SQL: SELECT * FROM `ot_admin_user` WHERE `id` = 1 LIMIT 1   [ RunTime:0.0000s ]
SQL: SELECT * FROM `ot_admin_group` WHERE `id` = 1 LIMIT 1   [ RunTime:0.0000s ]
SQL: SELECT * FROM `ot_url` WHERE ( pid=1 ) AND `id` IN ('1','2','3','4','5','6','7','8','9','10','11','12','13','14','15','16','17','18','19','20','21','22','23','24','25','26','27','28','29','30','31','32','33','34','35','36','37','38','39','40','41','42','43','44','45','46','47','48','49','50','51','52','53','54','55','56','57','58','59','60','61','62','63','64','65','66','67','68') ORDER BY id asc LIMIT 1   [ RunTime:0.0010s ]
SQL: SELECT * FROM `ot_url` WHERE ( pid=2 ) AND `id` IN ('1','2','3','4','5','6','7','8','9','10','11','12','13','14','15','16','17','18','19','20','21','22','23','24','25','26','27','28','29','30','31','32','33','34','35','36','37','38','39','40','41','42','43','44','45','46','47','48','49','50','51','52','53','54','55','56','57','58','59','60','61','62','63','64','65','66','67','68') ORDER BY id asc LIMIT 1   [ RunTime:0.0000s ]
SQL: SELECT * FROM `ot_url` WHERE ( pid=3 ) AND `id` IN ('1','2','3','4','5','6','7','8','9','10','11','12','13','14','15','16','17','18','19','20','21','22','23','24','25','26','27','28','29','30','31','32','33','34','35','36','37','38','39','40','41','42','43','44','45','46','47','48','49','50','51','52','53','54','55','56','57','58','59','60','61','62','63','64','65','66','67','68') ORDER BY id asc LIMIT 1   [ RunTime:0.0010s ]
SQL: SELECT * FROM `ot_url` WHERE ( pid=4 ) AND `id` IN ('1','2','3','4','5','6','7','8','9','10','11','12','13','14','15','16','17','18','19','20','21','22','23','24','25','26','27','28','29','30','31','32','33','34','35','36','37','38','39','40','41','42','43','44','45','46','47','48','49','50','51','52','53','54','55','56','57','58','59','60','61','62','63','64','65','66','67','68') ORDER BY id asc LIMIT 1   [ RunTime:0.0000s ]
INFO: [ view_parse ] --START--
INFO: Run Behavior\ParseTemplateBehavior [ RunTime:0.011001s ]
INFO: [ view_parse ] --END-- [ RunTime:0.011001s ]
INFO: [ view_filter ] --START--
INFO: Run Behavior\WriteHtmlCacheBehavior [ RunTime:0.001000s ]
INFO: [ view_filter ] --END-- [ RunTime:0.001000s ]
INFO: [ app_end ] --START--
INFO: Run Behavior\ShowPageTraceBehavior [ RunTime:0.001000s ]
INFO: [ app_end ] --END-- [ RunTime:0.001000s ]

[ 2018-12-22T09:57:41+08:00 ] ::1 /index.php/Admin/Driver/allDrivers
INFO: [ app_init ] --START--
INFO: Run Behavior\BuildLiteBehavior [ RunTime:0.000000s ]
INFO: [ app_init ] --END-- [ RunTime:0.000000s ]
INFO: [ app_begin ] --START--
INFO: Run Behavior\ReadHtmlCacheBehavior [ RunTime:0.000000s ]
INFO: [ app_begin ] --END-- [ RunTime:0.000000s ]
SQL: SHOW COLUMNS FROM `ot_admin_group` [ RunTime:0.0050s ]
SQL: SELECT * FROM `ot_admin_group` WHERE `id` = 1 LIMIT 1   [ RunTime:0.0000s ]
SQL: SHOW COLUMNS FROM `ot_url` [ RunTime:0.0050s ]
SQL: SELECT * FROM `ot_url` WHERE `id` IN ('1','2','3','4','5','6','7','8','9','10','11','12','13','14','15','16','17','18','19','20','21','22','23','24','25','26','27','28','29','30','31','32','33','34','35','36','37','38','39','40','41','42','43','44','45','46','47','48','49','50','51','52','53','54','55','56','57','58','59','60','61','62','63','64','65','66','67','68')  [ RunTime:0.0010s ]
SQL: SELECT * FROM `ot_url` WHERE `id` IN ('1','2','3','4','5','6','7','8','9','10','11','12','13','14','15','16','17','18','19','20','21','22','23','24','25','26','27','28','29','30','31','32','33','34','35','36','37','38','39','40','41','42','43','44','45','46','47','48','49','50','51','52','53','54','55','56','57','58','59','60','61','62','63','64','65','66','67','68') AND `pid` = 1  [ RunTime:0.0010s ]
SQL: SELECT * FROM `ot_url` WHERE `id` IN ('1','2','3','4','5','6','7','8','9','10','11','12','13','14','15','16','17','18','19','20','21','22','23','24','25','26','27','28','29','30','31','32','33','34','35','36','37','38','39','40','41','42','43','44','45','46','47','48','49','50','51','52','53','54','55','56','57','58','59','60','61','62','63','64','65','66','67','68') AND `pid` = 22  [ RunTime:0.0020s ]
SQL: SELECT * FROM `ot_url` WHERE `id` IN ('1','2','3','4','5','6','7','8','9','10','11','12','13','14','15','16','17','18','19','20','21','22','23','24','25','26','27','28','29','30','31','32','33','34','35','36','37','38','39','40','41','42','43','44','45','46','47','48','49','50','51','52','53','54','55','56','57','58','59','60','61','62','63','64','65','66','67','68') AND `pid` = 23  [ RunTime:0.0010s ]
SQL: SELECT * FROM `ot_url` WHERE `id` IN ('1','2','3','4','5','6','7','8','9','10','11','12','13','14','15','16','17','18','19','20','21','22','23','24','25','26','27','28','29','30','31','32','33','34','35','36','37','38','39','40','41','42','43','44','45','46','47','48','49','50','51','52','53','54','55','56','57','58','59','60','61','62','63','64','65','66','67','68') AND `pid` = 34  [ RunTime:0.0020s ]
SQL: SELECT * FROM `ot_url` WHERE `id` IN ('1','2','3','4','5','6','7','8','9','10','11','12','13','14','15','16','17','18','19','20','21','22','23','24','25','26','27','28','29','30','31','32','33','34','35','36','37','38','39','40','41','42','43','44','45','46','47','48','49','50','51','52','53','54','55','56','57','58','59','60','61','62','63','64','65','66','67','68') AND `pid` = 35  [ RunTime:0.0020s ]
SQL: SELECT * FROM `ot_url` WHERE `id` IN ('1','2','3','4','5','6','7','8','9','10','11','12','13','14','15','16','17','18','19','20','21','22','23','24','25','26','27','28','29','30','31','32','33','34','35','36','37','38','39','40','41','42','43','44','45','46','47','48','49','50','51','52','53','54','55','56','57','58','59','60','61','62','63','64','65','66','67','68') AND `pid` = 36  [ RunTime:0.0020s ]
SQL: SELECT * FROM `ot_url` WHERE `id` IN ('1','2','3','4','5','6','7','8','9','10','11','12','13','14','15','16','17','18','19','20','21','22','23','24','25','26','27','28','29','30','31','32','33','34','35','36','37','38','39','40','41','42','43','44','45','46','47','48','49','50','51','52','53','54','55','56','57','58','59','60','61','62','63','64','65','66','67','68') AND `pid` = 4  [ RunTime:0.0020s ]
INFO: [ view_parse ] --START--
INFO: Run Behavior\ParseTemplateBehavior [ RunTime:0.012000s ]
INFO: [ view_parse ] --END-- [ RunTime:0.013000s ]
INFO: [ view_filter ] --START--
INFO: Run Behavior\WriteHtmlCacheBehavior [ RunTime:0.001001s ]
INFO: [ view_filter ] --END-- [ RunTime:0.001001s ]
INFO: [ app_end ] --START--
INFO: Run Behavior\ShowPageTraceBehavior [ RunTime:0.001000s ]
INFO: [ app_end ] --END-- [ RunTime:0.001000s ]

[ 2018-12-22T09:57:59+08:00 ] ::1 /index.php/Admin/Index/index.html
INFO: [ app_init ] --START--
INFO: Run Behavior\BuildLiteBehavior [ RunTime:0.000000s ]
INFO: [ app_init ] --END-- [ RunTime:0.001000s ]
INFO: [ app_begin ] --START--
INFO: Run Behavior\ReadHtmlCacheBehavior [ RunTime:0.001000s ]
INFO: [ app_begin ] --END-- [ RunTime:0.001000s ]
SQL: SHOW COLUMNS FROM `ot_admin_group` [ RunTime:0.0050s ]
SQL: SELECT * FROM `ot_admin_group` WHERE `id` = 1 LIMIT 1   [ RunTime:0.0000s ]
SQL: SHOW COLUMNS FROM `ot_url` [ RunTime:0.0110s ]
SQL: SELECT * FROM `ot_url` WHERE `id` IN ('1','2','3','4','5','6','7','8','9','10','11','12','13','14','15','16','17','18','19','20','21','22','23','24','25','26','27','28','29','30','31','32','33','34','35','36','37','38','39','40','41','42','43','44','45','46','47','48','49','50','51','52','53','54','55','56','57','58','59','60','61','62','63','64','65','66','67','68')  [ RunTime:0.0030s ]
SQL: SELECT * FROM `ot_url` WHERE `id` IN ('1','2','3','4','5','6','7','8','9','10','11','12','13','14','15','16','17','18','19','20','21','22','23','24','25','26','27','28','29','30','31','32','33','34','35','36','37','38','39','40','41','42','43','44','45','46','47','48','49','50','51','52','53','54','55','56','57','58','59','60','61','62','63','64','65','66','67','68') AND `pid` = 1  [ RunTime:0.0010s ]
SQL: SELECT * FROM `ot_url` WHERE `id` IN ('1','2','3','4','5','6','7','8','9','10','11','12','13','14','15','16','17','18','19','20','21','22','23','24','25','26','27','28','29','30','31','32','33','34','35','36','37','38','39','40','41','42','43','44','45','46','47','48','49','50','51','52','53','54','55','56','57','58','59','60','61','62','63','64','65','66','67','68') AND `pid` = 22  [ RunTime:0.0020s ]
SQL: SELECT * FROM `ot_url` WHERE `id` IN ('1','2','3','4','5','6','7','8','9','10','11','12','13','14','15','16','17','18','19','20','21','22','23','24','25','26','27','28','29','30','31','32','33','34','35','36','37','38','39','40','41','42','43','44','45','46','47','48','49','50','51','52','53','54','55','56','57','58','59','60','61','62','63','64','65','66','67','68') AND `pid` = 23  [ RunTime:0.0020s ]
SQL: SELECT * FROM `ot_url` WHERE `id` IN ('1','2','3','4','5','6','7','8','9','10','11','12','13','14','15','16','17','18','19','20','21','22','23','24','25','26','27','28','29','30','31','32','33','34','35','36','37','38','39','40','41','42','43','44','45','46','47','48','49','50','51','52','53','54','55','56','57','58','59','60','61','62','63','64','65','66','67','68') AND `pid` = 34  [ RunTime:0.0010s ]
SQL: SELECT * FROM `ot_url` WHERE `id` IN ('1','2','3','4','5','6','7','8','9','10','11','12','13','14','15','16','17','18','19','20','21','22','23','24','25','26','27','28','29','30','31','32','33','34','35','36','37','38','39','40','41','42','43','44','45','46','47','48','49','50','51','52','53','54','55','56','57','58','59','60','61','62','63','64','65','66','67','68') AND `pid` = 35  [ RunTime:0.0010s ]
SQL: SELECT * FROM `ot_url` WHERE `id` IN ('1','2','3','4','5','6','7','8','9','10','11','12','13','14','15','16','17','18','19','20','21','22','23','24','25','26','27','28','29','30','31','32','33','34','35','36','37','38','39','40','41','42','43','44','45','46','47','48','49','50','51','52','53','54','55','56','57','58','59','60','61','62','63','64','65','66','67','68') AND `pid` = 36  [ RunTime:0.0020s ]
SQL: SELECT * FROM `ot_url` WHERE `id` IN ('1','2','3','4','5','6','7','8','9','10','11','12','13','14','15','16','17','18','19','20','21','22','23','24','25','26','27','28','29','30','31','32','33','34','35','36','37','38','39','40','41','42','43','44','45','46','47','48','49','50','51','52','53','54','55','56','57','58','59','60','61','62','63','64','65','66','67','68') AND `pid` = 4  [ RunTime:0.0010s ]
SQL: SHOW COLUMNS FROM `ot_admin_user` [ RunTime:0.0130s ]
SQL: SELECT * FROM `ot_admin_user` WHERE `id` = 1 LIMIT 1   [ RunTime:0.0020s ]
SQL: SELECT * FROM `ot_admin_group` WHERE `id` = 1 LIMIT 1   [ RunTime:0.0020s ]
SQL: SELECT * FROM `ot_url` WHERE ( pid=1 ) AND `id` IN ('1','2','3','4','5','6','7','8','9','10','11','12','13','14','15','16','17','18','19','20','21','22','23','24','25','26','27','28','29','30','31','32','33','34','35','36','37','38','39','40','41','42','43','44','45','46','47','48','49','50','51','52','53','54','55','56','57','58','59','60','61','62','63','64','65','66','67','68') ORDER BY id asc LIMIT 1   [ RunTime:0.0010s ]
SQL: SELECT * FROM `ot_url` WHERE ( pid=2 ) AND `id` IN ('1','2','3','4','5','6','7','8','9','10','11','12','13','14','15','16','17','18','19','20','21','22','23','24','25','26','27','28','29','30','31','32','33','34','35','36','37','38','39','40','41','42','43','44','45','46','47','48','49','50','51','52','53','54','55','56','57','58','59','60','61','62','63','64','65','66','67','68') ORDER BY id asc LIMIT 1   [ RunTime:0.0010s ]
SQL: SELECT * FROM `ot_url` WHERE ( pid=3 ) AND `id` IN ('1','2','3','4','5','6','7','8','9','10','11','12','13','14','15','16','17','18','19','20','21','22','23','24','25','26','27','28','29','30','31','32','33','34','35','36','37','38','39','40','41','42','43','44','45','46','47','48','49','50','51','52','53','54','55','56','57','58','59','60','61','62','63','64','65','66','67','68') ORDER BY id asc LIMIT 1   [ RunTime:0.0020s ]
SQL: SELECT * FROM `ot_url` WHERE ( pid=4 ) AND `id` IN ('1','2','3','4','5','6','7','8','9','10','11','12','13','14','15','16','17','18','19','20','21','22','23','24','25','26','27','28','29','30','31','32','33','34','35','36','37','38','39','40','41','42','43','44','45','46','47','48','49','50','51','52','53','54','55','56','57','58','59','60','61','62','63','64','65','66','67','68') ORDER BY id asc LIMIT 1   [ RunTime:0.0020s ]
INFO: [ view_parse ] --START--
INFO: Run Behavior\ParseTemplateBehavior [ RunTime:0.023001s ]
INFO: [ view_parse ] --END-- [ RunTime:0.023001s ]
INFO: [ view_filter ] --START--
INFO: Run Behavior\WriteHtmlCacheBehavior [ RunTime:0.001001s ]
INFO: [ view_filter ] --END-- [ RunTime:0.001001s ]
INFO: [ app_end ] --START--
INFO: Run Behavior\ShowPageTraceBehavior [ RunTime:0.003000s ]
INFO: [ app_end ] --END-- [ RunTime:0.003000s ]

[ 2018-12-22T09:58:01+08:00 ] ::1 /index.php/Admin/Driver/allDrivers
INFO: [ app_init ] --START--
INFO: Run Behavior\BuildLiteBehavior [ RunTime:0.000000s ]
INFO: [ app_init ] --END-- [ RunTime:0.001000s ]
INFO: [ app_begin ] --START--
INFO: Run Behavior\ReadHtmlCacheBehavior [ RunTime:0.001000s ]
INFO: [ app_begin ] --END-- [ RunTime:0.001000s ]
SQL: SHOW COLUMNS FROM `ot_admin_group` [ RunTime:0.0060s ]
SQL: SELECT * FROM `ot_admin_group` WHERE `id` = 1 LIMIT 1   [ RunTime:0.0000s ]
SQL: SHOW COLUMNS FROM `ot_url` [ RunTime:0.0120s ]
SQL: SELECT * FROM `ot_url` WHERE `id` IN ('1','2','3','4','5','6','7','8','9','10','11','12','13','14','15','16','17','18','19','20','21','22','23','24','25','26','27','28','29','30','31','32','33','34','35','36','37','38','39','40','41','42','43','44','45','46','47','48','49','50','51','52','53','54','55','56','57','58','59','60','61','62','63','64','65','66','67','68')  [ RunTime:0.0020s ]
SQL: SELECT * FROM `ot_url` WHERE `id` IN ('1','2','3','4','5','6','7','8','9','10','11','12','13','14','15','16','17','18','19','20','21','22','23','24','25','26','27','28','29','30','31','32','33','34','35','36','37','38','39','40','41','42','43','44','45','46','47','48','49','50','51','52','53','54','55','56','57','58','59','60','61','62','63','64','65','66','67','68') AND `pid` = 1  [ RunTime:0.0010s ]
SQL: SELECT * FROM `ot_url` WHERE `id` IN ('1','2','3','4','5','6','7','8','9','10','11','12','13','14','15','16','17','18','19','20','21','22','23','24','25','26','27','28','29','30','31','32','33','34','35','36','37','38','39','40','41','42','43','44','45','46','47','48','49','50','51','52','53','54','55','56','57','58','59','60','61','62','63','64','65','66','67','68') AND `pid` = 22  [ RunTime:0.0010s ]
SQL: SELECT * FROM `ot_url` WHERE `id` IN ('1','2','3','4','5','6','7','8','9','10','11','12','13','14','15','16','17','18','19','20','21','22','23','24','25','26','27','28','29','30','31','32','33','34','35','36','37','38','39','40','41','42','43','44','45','46','47','48','49','50','51','52','53','54','55','56','57','58','59','60','61','62','63','64','65','66','67','68') AND `pid` = 23  [ RunTime:0.0020s ]
SQL: SELECT * FROM `ot_url` WHERE `id` IN ('1','2','3','4','5','6','7','8','9','10','11','12','13','14','15','16','17','18','19','20','21','22','23','24','25','26','27','28','29','30','31','32','33','34','35','36','37','38','39','40','41','42','43','44','45','46','47','48','49','50','51','52','53','54','55','56','57','58','59','60','61','62','63','64','65','66','67','68') AND `pid` = 34  [ RunTime:0.0010s ]
SQL: SELECT * FROM `ot_url` WHERE `id` IN ('1','2','3','4','5','6','7','8','9','10','11','12','13','14','15','16','17','18','19','20','21','22','23','24','25','26','27','28','29','30','31','32','33','34','35','36','37','38','39','40','41','42','43','44','45','46','47','48','49','50','51','52','53','54','55','56','57','58','59','60','61','62','63','64','65','66','67','68') AND `pid` = 35  [ RunTime:0.0010s ]
SQL: SELECT * FROM `ot_url` WHERE `id` IN ('1','2','3','4','5','6','7','8','9','10','11','12','13','14','15','16','17','18','19','20','21','22','23','24','25','26','27','28','29','30','31','32','33','34','35','36','37','38','39','40','41','42','43','44','45','46','47','48','49','50','51','52','53','54','55','56','57','58','59','60','61','62','63','64','65','66','67','68') AND `pid` = 36  [ RunTime:0.0010s ]
SQL: SELECT * FROM `ot_url` WHERE `id` IN ('1','2','3','4','5','6','7','8','9','10','11','12','13','14','15','16','17','18','19','20','21','22','23','24','25','26','27','28','29','30','31','32','33','34','35','36','37','38','39','40','41','42','43','44','45','46','47','48','49','50','51','52','53','54','55','56','57','58','59','60','61','62','63','64','65','66','67','68') AND `pid` = 4  [ RunTime:0.0010s ]
INFO: [ view_parse ] --START--
INFO: Run Behavior\ParseTemplateBehavior [ RunTime:0.017001s ]
INFO: [ view_parse ] --END-- [ RunTime:0.018001s ]
INFO: [ view_filter ] --START--
INFO: Run Behavior\WriteHtmlCacheBehavior [ RunTime:0.001000s ]
INFO: [ view_filter ] --END-- [ RunTime:0.001000s ]
INFO: [ app_end ] --START--
INFO: Run Behavior\ShowPageTraceBehavior [ RunTime:0.001000s ]
INFO: [ app_end ] --END-- [ RunTime:0.001000s ]

[ 2018-12-22T09:58:06+08:00 ] ::1 /index.php/Admin/Driver/getAllDrivers
INFO: [ app_init ] --START--
INFO: Run Behavior\BuildLiteBehavior [ RunTime:0.000000s ]
INFO: [ app_init ] --END-- [ RunTime:0.000000s ]
INFO: [ app_begin ] --START--
INFO: Run Behavior\ReadHtmlCacheBehavior [ RunTime:0.000000s ]
INFO: [ app_begin ] --END-- [ RunTime:0.000000s ]
SQL: SHOW COLUMNS FROM `ot_admin_group` [ RunTime:0.0040s ]
SQL: SELECT * FROM `ot_admin_group` WHERE `id` = 1 LIMIT 1   [ RunTime:0.0000s ]
SQL: SHOW COLUMNS FROM `ot_url` [ RunTime:0.0050s ]
SQL: SELECT * FROM `ot_url` WHERE `id` IN ('1','2','3','4','5','6','7','8','9','10','11','12','13','14','15','16','17','18','19','20','21','22','23','24','25','26','27','28','29','30','31','32','33','34','35','36','37','38','39','40','41','42','43','44','45','46','47','48','49','50','51','52','53','54','55','56','57','58','59','60','61','62','63','64','65','66','67','68')  [ RunTime:0.0020s ]
SQL: SELECT * FROM `ot_url` WHERE `id` IN ('1','2','3','4','5','6','7','8','9','10','11','12','13','14','15','16','17','18','19','20','21','22','23','24','25','26','27','28','29','30','31','32','33','34','35','36','37','38','39','40','41','42','43','44','45','46','47','48','49','50','51','52','53','54','55','56','57','58','59','60','61','62','63','64','65','66','67','68') AND `pid` = 1  [ RunTime:0.0010s ]
SQL: SELECT * FROM `ot_url` WHERE `id` IN ('1','2','3','4','5','6','7','8','9','10','11','12','13','14','15','16','17','18','19','20','21','22','23','24','25','26','27','28','29','30','31','32','33','34','35','36','37','38','39','40','41','42','43','44','45','46','47','48','49','50','51','52','53','54','55','56','57','58','59','60','61','62','63','64','65','66','67','68') AND `pid` = 22  [ RunTime:0.0000s ]
SQL: SELECT * FROM `ot_url` WHERE `id` IN ('1','2','3','4','5','6','7','8','9','10','11','12','13','14','15','16','17','18','19','20','21','22','23','24','25','26','27','28','29','30','31','32','33','34','35','36','37','38','39','40','41','42','43','44','45','46','47','48','49','50','51','52','53','54','55','56','57','58','59','60','61','62','63','64','65','66','67','68') AND `pid` = 23  [ RunTime:0.0000s ]
SQL: SELECT * FROM `ot_url` WHERE `id` IN ('1','2','3','4','5','6','7','8','9','10','11','12','13','14','15','16','17','18','19','20','21','22','23','24','25','26','27','28','29','30','31','32','33','34','35','36','37','38','39','40','41','42','43','44','45','46','47','48','49','50','51','52','53','54','55','56','57','58','59','60','61','62','63','64','65','66','67','68') AND `pid` = 34  [ RunTime:0.0010s ]
SQL: SELECT * FROM `ot_url` WHERE `id` IN ('1','2','3','4','5','6','7','8','9','10','11','12','13','14','15','16','17','18','19','20','21','22','23','24','25','26','27','28','29','30','31','32','33','34','35','36','37','38','39','40','41','42','43','44','45','46','47','48','49','50','51','52','53','54','55','56','57','58','59','60','61','62','63','64','65','66','67','68') AND `pid` = 35  [ RunTime:0.0010s ]
SQL: SELECT * FROM `ot_url` WHERE `id` IN ('1','2','3','4','5','6','7','8','9','10','11','12','13','14','15','16','17','18','19','20','21','22','23','24','25','26','27','28','29','30','31','32','33','34','35','36','37','38','39','40','41','42','43','44','45','46','47','48','49','50','51','52','53','54','55','56','57','58','59','60','61','62','63','64','65','66','67','68') AND `pid` = 36  [ RunTime:0.0010s ]
SQL: SELECT * FROM `ot_url` WHERE `id` IN ('1','2','3','4','5','6','7','8','9','10','11','12','13','14','15','16','17','18','19','20','21','22','23','24','25','26','27','28','29','30','31','32','33','34','35','36','37','38','39','40','41','42','43','44','45','46','47','48','49','50','51','52','53','54','55','56','57','58','59','60','61','62','63','64','65','66','67','68') AND `pid` = 4  [ RunTime:0.0020s ]
SQL: SHOW COLUMNS FROM `ot_driver` [ RunTime:0.0140s ]
SQL: SELECT * FROM `ot_driver` WHERE `is_del` = 0  [ RunTime:0.0030s ]
SQL: SELECT * FROM `ot_driver` WHERE `is_del` = 0 ORDER BY `driver_name` asc LIMIT 0,10   [ RunTime:0.0010s ]
SQL: SHOW COLUMNS FROM `ot_travel` [ RunTime:0.0100s ]
SQL: SELECT COUNT(*) AS tp_count FROM `ot_travel` WHERE `driver_id` = '158' AND `is_del` = 0 LIMIT 1   [ RunTime:0.0060s ]
SQL: SELECT SUM(mileage) AS tp_sum FROM `ot_travel` WHERE `driver_id` = '158' AND `is_del` = 0 LIMIT 1   [ RunTime:0.0090s ]
SQL: SELECT COUNT(*) AS tp_count FROM `ot_travel` WHERE `driver_id` = '186' AND `is_del` = 0 LIMIT 1   [ RunTime:0.0040s ]
SQL: SELECT SUM(mileage) AS tp_sum FROM `ot_travel` WHERE `driver_id` = '186' AND `is_del` = 0 LIMIT 1   [ RunTime:0.0040s ]
SQL: SELECT COUNT(*) AS tp_count FROM `ot_travel` WHERE `driver_id` = '182' AND `is_del` = 0 LIMIT 1   [ RunTime:0.0040s ]
SQL: SELECT SUM(mileage) AS tp_sum FROM `ot_travel` WHERE `driver_id` = '182' AND `is_del` = 0 LIMIT 1   [ RunTime:0.0050s ]
SQL: SELECT COUNT(*) AS tp_count FROM `ot_travel` WHERE `driver_id` = '172' AND `is_del` = 0 LIMIT 1   [ RunTime:0.0040s ]
SQL: SELECT SUM(mileage) AS tp_sum FROM `ot_travel` WHERE `driver_id` = '172' AND `is_del` = 0 LIMIT 1   [ RunTime:0.0040s ]
SQL: SELECT COUNT(*) AS tp_count FROM `ot_travel` WHERE `driver_id` = '195' AND `is_del` = 0 LIMIT 1   [ RunTime:0.0030s ]
SQL: SELECT SUM(mileage) AS tp_sum FROM `ot_travel` WHERE `driver_id` = '195' AND `is_del` = 0 LIMIT 1   [ RunTime:0.0030s ]
SQL: SELECT COUNT(*) AS tp_count FROM `ot_travel` WHERE `driver_id` = '174' AND `is_del` = 0 LIMIT 1   [ RunTime:0.0030s ]
SQL: SELECT SUM(mileage) AS tp_sum FROM `ot_travel` WHERE `driver_id` = '174' AND `is_del` = 0 LIMIT 1   [ RunTime:0.0020s ]
SQL: SELECT COUNT(*) AS tp_count FROM `ot_travel` WHERE `driver_id` = '185' AND `is_del` = 0 LIMIT 1   [ RunTime:0.0030s ]
SQL: SELECT SUM(mileage) AS tp_sum FROM `ot_travel` WHERE `driver_id` = '185' AND `is_del` = 0 LIMIT 1   [ RunTime:0.0020s ]
SQL: SELECT COUNT(*) AS tp_count FROM `ot_travel` WHERE `driver_id` = '192' AND `is_del` = 0 LIMIT 1   [ RunTime:0.0030s ]
SQL: SELECT SUM(mileage) AS tp_sum FROM `ot_travel` WHERE `driver_id` = '192' AND `is_del` = 0 LIMIT 1   [ RunTime:0.0020s ]
SQL: SELECT COUNT(*) AS tp_count FROM `ot_travel` WHERE `driver_id` = '152' AND `is_del` = 0 LIMIT 1   [ RunTime:0.0050s ]
SQL: SELECT SUM(mileage) AS tp_sum FROM `ot_travel` WHERE `driver_id` = '152' AND `is_del` = 0 LIMIT 1   [ RunTime:0.0060s ]
SQL: SELECT COUNT(*) AS tp_count FROM `ot_travel` WHERE `driver_id` = '168' AND `is_del` = 0 LIMIT 1   [ RunTime:0.0040s ]
SQL: SELECT SUM(mileage) AS tp_sum FROM `ot_travel` WHERE `driver_id` = '168' AND `is_del` = 0 LIMIT 1   [ RunTime:0.0040s ]

